<?xml version="1.0" encoding="UTF-8"?>
<!-- Generated by org.testng.reporters.JUnitReportReporter -->
<testsuite hostname="lp-deepah" name="main.VDSAssessmentMethods" tests="1" failures="0" timestamp="23 Jan 2017 07:53:21 GMT" time="293.939" errors="0">
  <testcase name="assessmentsLiferay" time="293.939" classname="main.VDSAssessmentMethods"/>
</testsuite> <!-- main.VDSAssessmentMethods -->
