<?xml version="1.0" encoding="UTF-8"?>
<!-- Generated by org.testng.reporters.JUnitReportReporter -->
<testsuite hostname="lp-deepah" name="main.StageClassSetup" tests="1" failures="0" timestamp="19 Jun 2017 07:58:06 GMT" time="893.407" errors="0">
  <testcase name="assessmentlink" time="893.407" classname="main.StageClassSetup"/>
</testsuite> <!-- main.StageClassSetup -->
